<?xml version="1.0" encoding="UTF-8"?>
<testng-results ignored="0" total="1" passed="1" failed="0" skipped="0">
  <reporter-output>
  </reporter-output>
  <suite started-at="2022-04-27T16:09:53 IST" name="Default suite" finished-at="2022-04-27T16:09:54 IST" duration-ms="984">
    <groups>
    </groups>
    <test started-at="2022-04-27T16:09:53 IST" name="Default test" finished-at="2022-04-27T16:09:54 IST" duration-ms="984">
      <class name="com.sr1.GetAllProducts">
        <test-method signature="getAllProducts()[pri:0, instance:com.sr1.GetAllProducts@45b9a632]" started-at="2022-04-27T16:09:53 IST" name="getAllProducts" finished-at="2022-04-27T16:09:54 IST" duration-ms="964" status="PASS">
          <reporter-output>
          </reporter-output>
        </test-method> <!-- getAllProducts -->
      </class> <!-- com.sr1.GetAllProducts -->
    </test> <!-- Default test -->
  </suite> <!-- Default suite -->
</testng-results>
